#
# A fatal error has been detected by the Java Runtime Environment:
#
#  Internal Error (javaClasses.cpp:129), pid=8900, tid=12020
#  fatal error: Invalid layout of preloaded class
#
# JRE version: 7.0_11-b21
# Java VM: Java HotSpot(TM) 64-Bit Server VM (23.6-b04 mixed mode windows-amd64 compressed oops)
# Failed to write core dump. Minidumps are not enabled by default on client versions of Windows
#
# If you would like to submit a bug report, please visit:
#   http://bugreport.sun.com/bugreport/crash.jsp
#

---------------  T H R E A D  ---------------

Current thread (0x000000000290e000):  JavaThread "Unknown thread" [_thread_in_vm, id=12020, stack(0x0000000002910000,0x0000000002a10000)]

Stack: [0x0000000002910000,0x0000000002a10000]

---------------  P R O C E S S  ---------------

Java Threads: ( => current thread )

Other Threads:

=>0x000000000290e000 (exited) JavaThread "Unknown thread" [_thread_in_vm, id=12020, stack(0x0000000002910000,0x0000000002a10000)]

VM state:not at safepoint (not fully initialized)

VM Mutex/Monitor currently owned by a thread: None

GC Heap History (0 events):
No events

Deoptimization events (0 events):
No events

Internal exceptions (0 events):
No events

Events (10 events):
Event: 0.015 loading class 0x0000000002a33c70 done
Event: 0.016 loading class 0x0000000002a33dc0 done
Event: 0.016 loading class 0x0000000002a33f10
Event: 0.016 loading class 0x0000000002a70100
Event: 0.016 loading class 0x0000000002a70100 done
Event: 0.016 loading class 0x0000000002a70140
Event: 0.016 loading class 0x0000000002a70140 done
Event: 0.016 loading class 0x0000000008d7e650
Event: 0.016 loading class 0x0000000008d7e650 done
Event: 0.016 loading class 0x0000000002a33f10 done


Dynamic libraries:
0x000007f6d4880000 - 0x000007f6d48b3000 	C:\Program Files\Java\jre7\bin\javaw.exe
0x000007ff6f9f0000 - 0x000007ff6fbb0000 	C:\windows\SYSTEM32\ntdll.dll
0x000007ff6e060000 - 0x000007ff6e196000 	C:\windows\system32\KERNEL32.DLL
0x000007ff6c9f0000 - 0x000007ff6cae3000 	C:\windows\system32\KERNELBASE.dll
0x000007ff6e320000 - 0x000007ff6e3fe000 	C:\windows\system32\ADVAPI32.dll
0x000007ff6de60000 - 0x000007ff6dfac000 	C:\windows\system32\USER32.dll
0x000007ff69e90000 - 0x000007ff6a0fa000 	C:\windows\WinSxS\amd64_microsoft.windows.common-controls_6595b64144ccf1df_6.0.9200.16579_none_418ab7ef718b27ef\COMCTL32.dll
0x000007ff6dfb0000 - 0x000007ff6e055000 	C:\windows\system32\msvcrt.dll
0x000007ff6cde0000 - 0x000007ff6ce28000 	C:\windows\SYSTEM32\sechost.dll
0x000007ff6d170000 - 0x000007ff6d2b5000 	C:\windows\system32\RPCRT4.dll
0x000007ff6d4f0000 - 0x000007ff6d631000 	C:\windows\system32\GDI32.dll
0x000007ff6dcf0000 - 0x000007ff6dd29000 	C:\windows\system32\IMM32.DLL
0x000007ff6dd40000 - 0x000007ff6de55000 	C:\windows\system32\MSCTF.dll
0x0000000068ac0000 - 0x0000000068b91000 	C:\Program Files\Java\jre7\bin\msvcr100.dll
0x0000000067dc0000 - 0x00000000684df000 	C:\Program Files\Java\jre7\bin\server\jvm.dll
0x000007ff664d0000 - 0x000007ff664d9000 	C:\windows\SYSTEM32\WSOCK32.dll
0x000007ff642a0000 - 0x000007ff642c0000 	C:\windows\SYSTEM32\WINMM.dll
0x000007ff6e700000 - 0x000007ff6e707000 	C:\windows\system32\PSAPI.DLL
0x000007ff6dba0000 - 0x000007ff6dbf8000 	C:\windows\system32\WS2_32.dll
0x000007ff63c00000 - 0x000007ff63c33000 	C:\windows\SYSTEM32\WINMMBASE.dll
0x000007ff6ce30000 - 0x000007ff6ce39000 	C:\windows\system32\NSI.dll
0x000007ff6c970000 - 0x000007ff6c9bf000 	C:\windows\SYSTEM32\cfgmgr32.dll
0x000007ff6c9c0000 - 0x000007ff6c9e2000 	C:\windows\system32\DEVOBJ.dll
0x0000000068ed0000 - 0x0000000068edf000 	C:\Program Files\Java\jre7\bin\verify.dll
0x0000000068ea0000 - 0x0000000068ec8000 	C:\Program Files\Java\jre7\bin\java.dll
0x0000000068e50000 - 0x0000000068e65000 	C:\Program Files\Java\jre7\bin\zip.dll

VM Arguments:
jvm_args: -Dfile.encoding=Cp1252 -Xbootclasspath:C:\Users\sidda_000\AppData\Local\Android\android-sdk\platforms\android-17\android.jar 
java_command: org.eclipse.jetty.deploy.providers.WebAppProvider$1
Launcher Type: SUN_STANDARD

Environment Variables:
CLASSPATH=.;C:\Program Files (x86)\Java\jre7\lib\ext\QTJava.zip
PATH=C:\Program Files (x86)\Microchip\xc8\v1.20\bin;C:\Program Files (x86)\Intel\iCLS Client\;C:\Program Files\Intel\iCLS Client\;C:\windows\system32;C:\windows;C:\windows\System32\Wbem;C:\windows\System32\WindowsPowerShell\v1.0\;C:\Program Files (x86)\Windows Live\Shared;C:\Program Files\Intel\Intel(R) Management Engine Components\DAL;C:\Program Files\Intel\Intel(R) Management Engine Components\IPT;C:\Program Files (x86)\Intel\Intel(R) Management Engine Components\DAL;C:\Program Files (x86)\Intel\Intel(R) Management Engine Components\IPT;C:\Program Files (x86)\Intel\OpenCL SDK\2.0\bin\x86;C:\Program Files (x86)\Intel\OpenCL SDK\2.0\bin\x64;C:\Program Files\MATLAB\R2013a\bin;C:\Program Files (x86)\QuickTime\QTSystem\;C:\Wincupl\WINCUPL\EXE;C:\Wincupl\WINCUPL\FITTERS;C:\Modeltech_pe_edu_10.2a\win32pe_edu
USERNAME=sidda_000
OS=Windows_NT
PROCESSOR_IDENTIFIER=Intel64 Family 6 Model 58 Stepping 9, GenuineIntel



---------------  S Y S T E M  ---------------

OS: Windows 8 , 64 bit Build 9200 

CPU:total 4 (2 cores per cpu, 2 threads per core) family 6 model 58 stepping 9, cmov, cx8, fxsr, mmx, sse, sse2, sse3, ssse3, sse4.1, sse4.2, popcnt, avx, ht, tsc, tscinvbit, tscinv

Memory: 4k page, physical 4075740k(1140752k free), swap 6959324k(1898784k free)

vm_info: Java HotSpot(TM) 64-Bit Server VM (23.6-b04) for windows-amd64 JRE (1.7.0_11-b21), built on Jan 12 2013 02:38:42 by "java_re" with unknown MS VC++:1600

time: Sun Oct 13 15:02:47 2013
elapsed time: 0 seconds

