#
# A fatal error has been detected by the Java Runtime Environment:
#
#  Internal Error (javaClasses.cpp:129), pid=13868, tid=4200
#  fatal error: Invalid layout of preloaded class
#
# JRE version: 7.0_11-b21
# Java VM: Java HotSpot(TM) 64-Bit Server VM (23.6-b04 mixed mode windows-amd64 compressed oops)
# Failed to write core dump. Minidumps are not enabled by default on client versions of Windows
#
# If you would like to submit a bug report, please visit:
#   http://bugreport.sun.com/bugreport/crash.jsp
#

---------------  T H R E A D  ---------------

Current thread (0x00000000026fd800):  JavaThread "Unknown thread" [_thread_in_vm, id=4200, stack(0x0000000002740000,0x0000000002840000)]

Stack: [0x0000000002740000,0x0000000002840000]

---------------  P R O C E S S  ---------------

Java Threads: ( => current thread )

Other Threads:

=>0x00000000026fd800 (exited) JavaThread "Unknown thread" [_thread_in_vm, id=4200, stack(0x0000000002740000,0x0000000002840000)]

VM state:not at safepoint (not fully initialized)

VM Mutex/Monitor currently owned by a thread: None

GC Heap History (0 events):
No events

Deoptimization events (0 events):
No events

Internal exceptions (0 events):
No events

Events (10 events):
Event: 0.012 loading class 0x0000000002851d60 done
Event: 0.013 loading class 0x0000000002852090 done
Event: 0.013 loading class 0x0000000002851cd0
Event: 0.013 loading class 0x000000000288ff50
Event: 0.013 loading class 0x000000000288ff50 done
Event: 0.013 loading class 0x000000000288ffd0
Event: 0.013 loading class 0x000000000288ffd0 done
Event: 0.013 loading class 0x00000000028d93d0
Event: 0.013 loading class 0x00000000028d93d0 done
Event: 0.013 loading class 0x0000000002851cd0 done


Dynamic libraries:
0x000007f7903e0000 - 0x000007f790413000 	C:\Program Files\Java\jre7\bin\javaw.exe
0x000007ff4d790000 - 0x000007ff4d950000 	C:\windows\SYSTEM32\ntdll.dll
0x000007ff4d650000 - 0x000007ff4d786000 	C:\windows\system32\KERNEL32.DLL
0x000007ff4a8a0000 - 0x000007ff4a993000 	C:\windows\system32\KERNELBASE.dll
0x000007ff4ae90000 - 0x000007ff4af6e000 	C:\windows\system32\ADVAPI32.dll
0x000007ff4c000000 - 0x000007ff4c14c000 	C:\windows\system32\USER32.dll
0x000007ff47b60000 - 0x000007ff47dca000 	C:\windows\WinSxS\amd64_microsoft.windows.common-controls_6595b64144ccf1df_6.0.9200.16579_none_418ab7ef718b27ef\COMCTL32.dll
0x000007ff4b7f0000 - 0x000007ff4b895000 	C:\windows\system32\msvcrt.dll
0x000007ff4ba40000 - 0x000007ff4ba88000 	C:\windows\SYSTEM32\sechost.dll
0x000007ff4d500000 - 0x000007ff4d645000 	C:\windows\system32\RPCRT4.dll
0x000007ff4b8f0000 - 0x000007ff4ba31000 	C:\windows\system32\GDI32.dll
0x000007ff4c150000 - 0x000007ff4c189000 	C:\windows\system32\IMM32.DLL
0x000007ff4baa0000 - 0x000007ff4bbb5000 	C:\windows\system32\MSCTF.dll
0x00000000639f0000 - 0x0000000063ac1000 	C:\Program Files\Java\jre7\bin\msvcr100.dll
0x00000000632d0000 - 0x00000000639ef000 	C:\Program Files\Java\jre7\bin\server\jvm.dll
0x000007ff45150000 - 0x000007ff45159000 	C:\windows\SYSTEM32\WSOCK32.dll
0x000007ff416f0000 - 0x000007ff41710000 	C:\windows\SYSTEM32\WINMM.dll
0x000007ff4bbc0000 - 0x000007ff4bbc7000 	C:\windows\system32\PSAPI.DLL
0x000007ff4b050000 - 0x000007ff4b0a8000 	C:\windows\system32\WS2_32.dll
0x000007ff416b0000 - 0x000007ff416e3000 	C:\windows\SYSTEM32\WINMMBASE.dll
0x000007ff4ad30000 - 0x000007ff4ad39000 	C:\windows\system32\NSI.dll
0x000007ff4a850000 - 0x000007ff4a89f000 	C:\windows\SYSTEM32\cfgmgr32.dll
0x000007ff4a7c0000 - 0x000007ff4a7e2000 	C:\windows\system32\DEVOBJ.dll
0x0000000064840000 - 0x000000006484f000 	C:\Program Files\Java\jre7\bin\verify.dll
0x0000000064810000 - 0x0000000064838000 	C:\Program Files\Java\jre7\bin\java.dll
0x00000000647f0000 - 0x0000000064805000 	C:\Program Files\Java\jre7\bin\zip.dll

VM Arguments:
jvm_args: -Dfile.encoding=Cp1252 -Xbootclasspath:C:\Users\sidda_000\AppData\Local\Android\android-sdk\platforms\android-17\android.jar 
java_command: com.example.project1.HTTPRequestSender
Launcher Type: SUN_STANDARD

Environment Variables:
PATH=C:\Program Files (x86)\Microchip\xc8\v1.20\bin;C:\Program Files (x86)\Intel\iCLS Client\;C:\Program Files\Intel\iCLS Client\;C:\windows\system32;C:\windows;C:\windows\System32\Wbem;C:\windows\System32\WindowsPowerShell\v1.0\;C:\Program Files (x86)\Windows Live\Shared;C:\Program Files\Intel\Intel(R) Management Engine Components\DAL;C:\Program Files\Intel\Intel(R) Management Engine Components\IPT;C:\Program Files (x86)\Intel\Intel(R) Management Engine Components\DAL;C:\Program Files (x86)\Intel\Intel(R) Management Engine Components\IPT;C:\Program Files (x86)\Intel\OpenCL SDK\2.0\bin\x86;C:\Program Files (x86)\Intel\OpenCL SDK\2.0\bin\x64;C:\Program Files\MATLAB\R2013a\bin;C:\Wincupl\WINCUPL\EXE;C:\Wincupl\WINCUPL\FITTERS;C:\Modeltech_pe_edu_10.2a\win32pe_edu
USERNAME=sidda_000
OS=Windows_NT
PROCESSOR_IDENTIFIER=Intel64 Family 6 Model 58 Stepping 9, GenuineIntel



---------------  S Y S T E M  ---------------

OS: Windows 8 , 64 bit Build 9200 

CPU:total 4 (2 cores per cpu, 2 threads per core) family 6 model 58 stepping 9, cmov, cx8, fxsr, mmx, sse, sse2, sse3, ssse3, sse4.1, sse4.2, popcnt, avx, ht, tsc, tscinvbit, tscinv

Memory: 4k page, physical 4075740k(1198232k free), swap 7090396k(3079532k free)

vm_info: Java HotSpot(TM) 64-Bit Server VM (23.6-b04) for windows-amd64 JRE (1.7.0_11-b21), built on Jan 12 2013 02:38:42 by "java_re" with unknown MS VC++:1600

time: Thu Sep 26 10:45:50 2013
elapsed time: 0 seconds

